c:\users\jhu40\source\repos\assignment1\x64\debug\assignment1.lib
c:\users\jhu40\source\repos\assignment1\x64\debug\assignment1.exp
c:\users\jhu40\source\repos\assignment1\x64\debug\vc142.pdb
c:\users\jhu40\source\repos\assignment1\x64\debug\vc142.idb
c:\users\jhu40\source\repos\assignment1\x64\debug\lodepng.obj
x64\debug\kernel.cu.obj
c:\users\jhu40\source\repos\assignment1\x64\debug\assignment1.exe
c:\users\jhu40\source\repos\assignment1\x64\debug\assignment1.ilk
c:\users\jhu40\source\repos\assignment1\x64\debug\assignment1.pdb
c:\users\jhu40\source\repos\assignment1\x64\debug\kernel.cu.cache
c:\users\jhu40\source\repos\assignment1\x64\debug\kernel.cu.obj
c:\users\jhu40\source\repos\assignment1\x64\debug\assignment1.tlog\assignment1.write.1u.tlog
c:\users\jhu40\source\repos\assignment1\x64\debug\assignment1.tlog\cl.command.1.tlog
c:\users\jhu40\source\repos\assignment1\x64\debug\assignment1.tlog\cl.read.1.tlog
c:\users\jhu40\source\repos\assignment1\x64\debug\assignment1.tlog\cl.write.1.tlog
c:\users\jhu40\source\repos\assignment1\x64\debug\assignment1.tlog\cudacompile.read.1u.tlog
c:\users\jhu40\source\repos\assignment1\x64\debug\assignment1.tlog\cudacompile.write.1u.tlog
c:\users\jhu40\source\repos\assignment1\x64\debug\assignment1.tlog\link.command.1.tlog
c:\users\jhu40\source\repos\assignment1\x64\debug\assignment1.tlog\link.read.1.tlog
c:\users\jhu40\source\repos\assignment1\x64\debug\assignment1.tlog\link.write.1.tlog
